MSBuild version 17.12.6+db5f6012c for .NET Framework

  CogentEngine.cpp
D:\MyProject\COGENT_ENGINE\Core\Logger.hpp(87,73): warning C4996: 'localtime': This function or variable may be unsafe. Consider using localtime_s instead. To disable deprecation, use _CRT_SECURE_NO_WARNINGS. See online help for details. [D:\MyProject\COGENT_ENGINE\build\COGENT_Engine.vcxproj]
  (compiling source file '../Engine/CogentEngine.cpp')
  
D:\MyProject\COGENT_ENGINE\Engine\CogentEngine.cpp(900,24): error C2065: 'commandBuffer': undeclared identifier [D:\MyProject\COGENT_ENGINE\build\COGENT_Engine.vcxproj]
D:\MyProject\COGENT_ENGINE\Engine\CogentEngine.cpp(900,5): error C4430: missing type specifier - int assumed. Note: C++ does not support default-int [D:\MyProject\COGENT_ENGINE\build\COGENT_Engine.vcxproj]
D:\MyProject\COGENT_ENGINE\Engine\CogentEngine.cpp(900,5): error C2365: 'vkCmdEndRenderPass': redefinition; previous definition was 'function' [D:\MyProject\COGENT_ENGINE\build\COGENT_Engine.vcxproj]
      D:\SDK\Vulkan\include\vulkan\vulkan_core.h(5304,28):
      see declaration of 'vkCmdEndRenderPass'
  
D:\MyProject\COGENT_ENGINE\Engine\CogentEngine.cpp(904,5): error C2059: syntax error: 'if' [D:\MyProject\COGENT_ENGINE\build\COGENT_Engine.vcxproj]
D:\MyProject\COGENT_ENGINE\Engine\CogentEngine.cpp(904,30): error C2143: syntax error: missing ';' before '{' [D:\MyProject\COGENT_ENGINE\build\COGENT_Engine.vcxproj]
D:\MyProject\COGENT_ENGINE\Engine\CogentEngine.cpp(904,30): error C2447: '{': missing function header (old-style formal list?) [D:\MyProject\COGENT_ENGINE\build\COGENT_Engine.vcxproj]
D:\MyProject\COGENT_ENGINE\Engine\CogentEngine.cpp(909,5): error C2466: cannot allocate an array of constant size 0 [D:\MyProject\COGENT_ENGINE\build\COGENT_Engine.vcxproj]
D:\MyProject\COGENT_ENGINE\Engine\CogentEngine.cpp(909,5): error C3927: '->': trailing return type is not allowed after a non-function declarator [D:\MyProject\COGENT_ENGINE\build\COGENT_Engine.vcxproj]
D:\MyProject\COGENT_ENGINE\Engine\CogentEngine.cpp(909,16): error C3484: syntax error: expected '->' before the return type [D:\MyProject\COGENT_ENGINE\build\COGENT_Engine.vcxproj]
D:\MyProject\COGENT_ENGINE\Engine\CogentEngine.cpp(909,17): error C3613: missing return type after '->' ('int' assumed) [D:\MyProject\COGENT_ENGINE\build\COGENT_Engine.vcxproj]
D:\MyProject\COGENT_ENGINE\Engine\CogentEngine.cpp(909,5): error C4430: missing type specifier - int assumed. Note: C++ does not support default-int [D:\MyProject\COGENT_ENGINE\build\COGENT_Engine.vcxproj]
D:\MyProject\COGENT_ENGINE\Engine\CogentEngine.cpp(909,5): error C2040: 'barriers': 'int [0]' differs in levels of indirection from 'std::array<VkImageMemoryBarrier,2>' [D:\MyProject\COGENT_ENGINE\build\COGENT_Engine.vcxproj]
D:\MyProject\COGENT_ENGINE\Engine\CogentEngine.cpp(909,17): error C2146: syntax error: missing ';' before identifier 'sType' [D:\MyProject\COGENT_ENGINE\build\COGENT_Engine.vcxproj]
D:\MyProject\COGENT_ENGINE\Engine\CogentEngine.cpp(910,5): error C2466: cannot allocate an array of constant size 0 [D:\MyProject\COGENT_ENGINE\build\COGENT_Engine.vcxproj]
D:\MyProject\COGENT_ENGINE\Engine\CogentEngine.cpp(910,5): error C3927: '->': trailing return type is not allowed after a non-function declarator [D:\MyProject\COGENT_ENGINE\build\COGENT_Engine.vcxproj]
D:\MyProject\COGENT_ENGINE\Engine\CogentEngine.cpp(910,16): error C3484: syntax error: expected '->' before the return type [D:\MyProject\COGENT_ENGINE\build\COGENT_Engine.vcxproj]
D:\MyProject\COGENT_ENGINE\Engine\CogentEngine.cpp(910,17): error C3613: missing return type after '->' ('int' assumed) [D:\MyProject\COGENT_ENGINE\build\COGENT_Engine.vcxproj]
D:\MyProject\COGENT_ENGINE\Engine\CogentEngine.cpp(910,5): error C4430: missing type specifier - int assumed. Note: C++ does not support default-int [D:\MyProject\COGENT_ENGINE\build\COGENT_Engine.vcxproj]
D:\MyProject\COGENT_ENGINE\Engine\CogentEngine.cpp(910,5): error C2040: 'barriers': 'int [0]' differs in levels of indirection from 'std::array<VkImageMemoryBarrier,2>' [D:\MyProject\COGENT_ENGINE\build\COGENT_Engine.vcxproj]
D:\MyProject\COGENT_ENGINE\Engine\CogentEngine.cpp(910,17): error C2146: syntax error: missing ';' before identifier 'oldLayout' [D:\MyProject\COGENT_ENGINE\build\COGENT_Engine.vcxproj]
D:\MyProject\COGENT_ENGINE\Engine\CogentEngine.cpp(911,5): error C2466: cannot allocate an array of constant size 0 [D:\MyProject\COGENT_ENGINE\build\COGENT_Engine.vcxproj]
D:\MyProject\COGENT_ENGINE\Engine\CogentEngine.cpp(911,5): error C3927: '->': trailing return type is not allowed after a non-function declarator [D:\MyProject\COGENT_ENGINE\build\COGENT_Engine.vcxproj]
D:\MyProject\COGENT_ENGINE\Engine\CogentEngine.cpp(911,16): error C3484: syntax error: expected '->' before the return type [D:\MyProject\COGENT_ENGINE\build\COGENT_Engine.vcxproj]
D:\MyProject\COGENT_ENGINE\Engine\CogentEngine.cpp(911,17): error C3613: missing return type after '->' ('int' assumed) [D:\MyProject\COGENT_ENGINE\build\COGENT_Engine.vcxproj]
D:\MyProject\COGENT_ENGINE\Engine\CogentEngine.cpp(911,5): error C4430: missing type specifier - int assumed. Note: C++ does not support default-int [D:\MyProject\COGENT_ENGINE\build\COGENT_Engine.vcxproj]
D:\MyProject\COGENT_ENGINE\Engine\CogentEngine.cpp(911,5): error C2040: 'barriers': 'int [0]' differs in levels of indirection from 'std::array<VkImageMemoryBarrier,2>' [D:\MyProject\COGENT_ENGINE\build\COGENT_Engine.vcxproj]
D:\MyProject\COGENT_ENGINE\Engine\CogentEngine.cpp(911,17): error C2146: syntax error: missing ';' before identifier 'newLayout' [D:\MyProject\COGENT_ENGINE\build\COGENT_Engine.vcxproj]
D:\MyProject\COGENT_ENGINE\Engine\CogentEngine.cpp(912,5): error C2466: cannot allocate an array of constant size 0 [D:\MyProject\COGENT_ENGINE\build\COGENT_Engine.vcxproj]
D:\MyProject\COGENT_ENGINE\Engine\CogentEngine.cpp(912,5): error C3927: '->': trailing return type is not allowed after a non-function declarator [D:\MyProject\COGENT_ENGINE\build\COGENT_Engine.vcxproj]
D:\MyProject\COGENT_ENGINE\Engine\CogentEngine.cpp(912,16): error C3484: syntax error: expected '->' before the return type [D:\MyProject\COGENT_ENGINE\build\COGENT_Engine.vcxproj]
D:\MyProject\COGENT_ENGINE\Engine\CogentEngine.cpp(912,17): error C3613: missing return type after '->' ('int' assumed) [D:\MyProject\COGENT_ENGINE\build\COGENT_Engine.vcxproj]
D:\MyProject\COGENT_ENGINE\Engine\CogentEngine.cpp(912,5): error C4430: missing type specifier - int assumed. Note: C++ does not support default-int [D:\MyProject\COGENT_ENGINE\build\COGENT_Engine.vcxproj]
D:\MyProject\COGENT_ENGINE\Engine\CogentEngine.cpp(912,5): error C2040: 'barriers': 'int [0]' differs in levels of indirection from 'std::array<VkImageMemoryBarrier,2>' [D:\MyProject\COGENT_ENGINE\build\COGENT_Engine.vcxproj]
D:\MyProject\COGENT_ENGINE\Engine\CogentEngine.cpp(912,17): error C2146: syntax error: missing ';' before identifier 'srcQueueFamilyIndex' [D:\MyProject\COGENT_ENGINE\build\COGENT_Engine.vcxproj]
D:\MyProject\COGENT_ENGINE\Engine\CogentEngine.cpp(913,5): error C2466: cannot allocate an array of constant size 0 [D:\MyProject\COGENT_ENGINE\build\COGENT_Engine.vcxproj]
D:\MyProject\COGENT_ENGINE\Engine\CogentEngine.cpp(913,5): error C3927: '->': trailing return type is not allowed after a non-function declarator [D:\MyProject\COGENT_ENGINE\build\COGENT_Engine.vcxproj]
D:\MyProject\COGENT_ENGINE\Engine\CogentEngine.cpp(913,16): error C3484: syntax error: expected '->' before the return type [D:\MyProject\COGENT_ENGINE\build\COGENT_Engine.vcxproj]
D:\MyProject\COGENT_ENGINE\Engine\CogentEngine.cpp(913,17): error C3613: missing return type after '->' ('int' assumed) [D:\MyProject\COGENT_ENGINE\build\COGENT_Engine.vcxproj]
D:\MyProject\COGENT_ENGINE\Engine\CogentEngine.cpp(913,5): error C4430: missing type specifier - int assumed. Note: C++ does not support default-int [D:\MyProject\COGENT_ENGINE\build\COGENT_Engine.vcxproj]
D:\MyProject\COGENT_ENGINE\Engine\CogentEngine.cpp(913,5): error C2040: 'barriers': 'int [0]' differs in levels of indirection from 'std::array<VkImageMemoryBarrier,2>' [D:\MyProject\COGENT_ENGINE\build\COGENT_Engine.vcxproj]
D:\MyProject\COGENT_ENGINE\Engine\CogentEngine.cpp(913,17): error C2146: syntax error: missing ';' before identifier 'dstQueueFamilyIndex' [D:\MyProject\COGENT_ENGINE\build\COGENT_Engine.vcxproj]
D:\MyProject\COGENT_ENGINE\Engine\CogentEngine.cpp(914,5): error C2466: cannot allocate an array of constant size 0 [D:\MyProject\COGENT_ENGINE\build\COGENT_Engine.vcxproj]
D:\MyProject\COGENT_ENGINE\Engine\CogentEngine.cpp(914,5): error C3927: '->': trailing return type is not allowed after a non-function declarator [D:\MyProject\COGENT_ENGINE\build\COGENT_Engine.vcxproj]
D:\MyProject\COGENT_ENGINE\Engine\CogentEngine.cpp(914,16): error C3484: syntax error: expected '->' before the return type [D:\MyProject\COGENT_ENGINE\build\COGENT_Engine.vcxproj]
D:\MyProject\COGENT_ENGINE\Engine\CogentEngine.cpp(914,17): error C3613: missing return type after '->' ('int' assumed) [D:\MyProject\COGENT_ENGINE\build\COGENT_Engine.vcxproj]
D:\MyProject\COGENT_ENGINE\Engine\CogentEngine.cpp(914,5): error C4430: missing type specifier - int assumed. Note: C++ does not support default-int [D:\MyProject\COGENT_ENGINE\build\COGENT_Engine.vcxproj]
D:\MyProject\COGENT_ENGINE\Engine\CogentEngine.cpp(914,5): error C2040: 'barriers': 'int [0]' differs in levels of indirection from 'std::array<VkImageMemoryBarrier,2>' [D:\MyProject\COGENT_ENGINE\build\COGENT_Engine.vcxproj]
D:\MyProject\COGENT_ENGINE\Engine\CogentEngine.cpp(914,17): error C2146: syntax error: missing ';' before identifier 'image' [D:\MyProject\COGENT_ENGINE\build\COGENT_Engine.vcxproj]
D:\MyProject\COGENT_ENGINE\Engine\CogentEngine.cpp(915,5): error C2466: cannot allocate an array of constant size 0 [D:\MyProject\COGENT_ENGINE\build\COGENT_Engine.vcxproj]
D:\MyProject\COGENT_ENGINE\Engine\CogentEngine.cpp(915,5): error C3927: '->': trailing return type is not allowed after a non-function declarator [D:\MyProject\COGENT_ENGINE\build\COGENT_Engine.vcxproj]
D:\MyProject\COGENT_ENGINE\Engine\CogentEngine.cpp(915,16): error C3484: syntax error: expected '->' before the return type [D:\MyProject\COGENT_ENGINE\build\COGENT_Engine.vcxproj]
D:\MyProject\COGENT_ENGINE\Engine\CogentEngine.cpp(915,17): error C3613: missing return type after '->' ('int' assumed) [D:\MyProject\COGENT_ENGINE\build\COGENT_Engine.vcxproj]
D:\MyProject\COGENT_ENGINE\Engine\CogentEngine.cpp(915,5): error C4430: missing type specifier - int assumed. Note: C++ does not support default-int [D:\MyProject\COGENT_ENGINE\build\COGENT_Engine.vcxproj]
D:\MyProject\COGENT_ENGINE\Engine\CogentEngine.cpp(915,5): error C2040: 'barriers': 'int [0]' differs in levels of indirection from 'std::array<VkImageMemoryBarrier,2>' [D:\MyProject\COGENT_ENGINE\build\COGENT_Engine.vcxproj]
D:\MyProject\COGENT_ENGINE\Engine\CogentEngine.cpp(915,17): error C2146: syntax error: missing ';' before identifier 'subresourceRange' [D:\MyProject\COGENT_ENGINE\build\COGENT_Engine.vcxproj]
D:\MyProject\COGENT_ENGINE\Engine\CogentEngine.cpp(916,5): error C2466: cannot allocate an array of constant size 0 [D:\MyProject\COGENT_ENGINE\build\COGENT_Engine.vcxproj]
D:\MyProject\COGENT_ENGINE\Engine\CogentEngine.cpp(916,5): error C3927: '->': trailing return type is not allowed after a non-function declarator [D:\MyProject\COGENT_ENGINE\build\COGENT_Engine.vcxproj]
D:\MyProject\COGENT_ENGINE\Engine\CogentEngine.cpp(916,16): error C3484: syntax error: expected '->' before the return type [D:\MyProject\COGENT_ENGINE\build\COGENT_Engine.vcxproj]
D:\MyProject\COGENT_ENGINE\Engine\CogentEngine.cpp(916,17): error C3613: missing return type after '->' ('int' assumed) [D:\MyProject\COGENT_ENGINE\build\COGENT_Engine.vcxproj]
D:\MyProject\COGENT_ENGINE\Engine\CogentEngine.cpp(916,5): error C4430: missing type specifier - int assumed. Note: C++ does not support default-int [D:\MyProject\COGENT_ENGINE\build\COGENT_Engine.vcxproj]
D:\MyProject\COGENT_ENGINE\Engine\CogentEngine.cpp(916,5): error C2040: 'barriers': 'int [0]' differs in levels of indirection from 'std::array<VkImageMemoryBarrier,2>' [D:\MyProject\COGENT_ENGINE\build\COGENT_Engine.vcxproj]
D:\MyProject\COGENT_ENGINE\Engine\CogentEngine.cpp(916,17): error C2146: syntax error: missing ';' before identifier 'subresourceRange' [D:\MyProject\COGENT_ENGINE\build\COGENT_Engine.vcxproj]
D:\MyProject\COGENT_ENGINE\Engine\CogentEngine.cpp(917,5): error C2466: cannot allocate an array of constant size 0 [D:\MyProject\COGENT_ENGINE\build\COGENT_Engine.vcxproj]
D:\MyProject\COGENT_ENGINE\Engine\CogentEngine.cpp(917,5): error C3927: '->': trailing return type is not allowed after a non-function declarator [D:\MyProject\COGENT_ENGINE\build\COGENT_Engine.vcxproj]
D:\MyProject\COGENT_ENGINE\Engine\CogentEngine.cpp(917,16): error C3484: syntax error: expected '->' before the return type [D:\MyProject\COGENT_ENGINE\build\COGENT_Engine.vcxproj]
D:\MyProject\COGENT_ENGINE\Engine\CogentEngine.cpp(917,17): error C3613: missing return type after '->' ('int' assumed) [D:\MyProject\COGENT_ENGINE\build\COGENT_Engine.vcxproj]
D:\MyProject\COGENT_ENGINE\Engine\CogentEngine.cpp(917,5): error C4430: missing type specifier - int assumed. Note: C++ does not support default-int [D:\MyProject\COGENT_ENGINE\build\COGENT_Engine.vcxproj]
D:\MyProject\COGENT_ENGINE\Engine\CogentEngine.cpp(917,5): error C2040: 'barriers': 'int [0]' differs in levels of indirection from 'std::array<VkImageMemoryBarrier,2>' [D:\MyProject\COGENT_ENGINE\build\COGENT_Engine.vcxproj]
D:\MyProject\COGENT_ENGINE\Engine\CogentEngine.cpp(917,17): error C2146: syntax error: missing ';' before identifier 'subresourceRange' [D:\MyProject\COGENT_ENGINE\build\COGENT_Engine.vcxproj]
D:\MyProject\COGENT_ENGINE\Engine\CogentEngine.cpp(918,5): error C2466: cannot allocate an array of constant size 0 [D:\MyProject\COGENT_ENGINE\build\COGENT_Engine.vcxproj]
D:\MyProject\COGENT_ENGINE\Engine\CogentEngine.cpp(918,5): error C3927: '->': trailing return type is not allowed after a non-function declarator [D:\MyProject\COGENT_ENGINE\build\COGENT_Engine.vcxproj]
D:\MyProject\COGENT_ENGINE\Engine\CogentEngine.cpp(918,16): error C3484: syntax error: expected '->' before the return type [D:\MyProject\COGENT_ENGINE\build\COGENT_Engine.vcxproj]
D:\MyProject\COGENT_ENGINE\Engine\CogentEngine.cpp(918,17): error C3613: missing return type after '->' ('int' assumed) [D:\MyProject\COGENT_ENGINE\build\COGENT_Engine.vcxproj]
D:\MyProject\COGENT_ENGINE\Engine\CogentEngine.cpp(918,5): error C4430: missing type specifier - int assumed. Note: C++ does not support default-int [D:\MyProject\COGENT_ENGINE\build\COGENT_Engine.vcxproj]
D:\MyProject\COGENT_ENGINE\Engine\CogentEngine.cpp(918,5): error C2040: 'barriers': 'int [0]' differs in levels of indirection from 'std::array<VkImageMemoryBarrier,2>' [D:\MyProject\COGENT_ENGINE\build\COGENT_Engine.vcxproj]
D:\MyProject\COGENT_ENGINE\Engine\CogentEngine.cpp(918,17): error C2146: syntax error: missing ';' before identifier 'subresourceRange' [D:\MyProject\COGENT_ENGINE\build\COGENT_Engine.vcxproj]
D:\MyProject\COGENT_ENGINE\Engine\CogentEngine.cpp(919,5): error C2466: cannot allocate an array of constant size 0 [D:\MyProject\COGENT_ENGINE\build\COGENT_Engine.vcxproj]
D:\MyProject\COGENT_ENGINE\Engine\CogentEngine.cpp(919,5): error C3927: '->': trailing return type is not allowed after a non-function declarator [D:\MyProject\COGENT_ENGINE\build\COGENT_Engine.vcxproj]
D:\MyProject\COGENT_ENGINE\Engine\CogentEngine.cpp(919,16): error C3484: syntax error: expected '->' before the return type [D:\MyProject\COGENT_ENGINE\build\COGENT_Engine.vcxproj]
D:\MyProject\COGENT_ENGINE\Engine\CogentEngine.cpp(919,17): error C3613: missing return type after '->' ('int' assumed) [D:\MyProject\COGENT_ENGINE\build\COGENT_Engine.vcxproj]
D:\MyProject\COGENT_ENGINE\Engine\CogentEngine.cpp(919,5): error C4430: missing type specifier - int assumed. Note: C++ does not support default-int [D:\MyProject\COGENT_ENGINE\build\COGENT_Engine.vcxproj]
D:\MyProject\COGENT_ENGINE\Engine\CogentEngine.cpp(919,5): error C2040: 'barriers': 'int [0]' differs in levels of indirection from 'std::array<VkImageMemoryBarrier,2>' [D:\MyProject\COGENT_ENGINE\build\COGENT_Engine.vcxproj]
D:\MyProject\COGENT_ENGINE\Engine\CogentEngine.cpp(919,17): error C2146: syntax error: missing ';' before identifier 'subresourceRange' [D:\MyProject\COGENT_ENGINE\build\COGENT_Engine.vcxproj]
D:\MyProject\COGENT_ENGINE\Engine\CogentEngine.cpp(920,5): error C2466: cannot allocate an array of constant size 0 [D:\MyProject\COGENT_ENGINE\build\COGENT_Engine.vcxproj]
D:\MyProject\COGENT_ENGINE\Engine\CogentEngine.cpp(920,5): error C3927: '->': trailing return type is not allowed after a non-function declarator [D:\MyProject\COGENT_ENGINE\build\COGENT_Engine.vcxproj]
D:\MyProject\COGENT_ENGINE\Engine\CogentEngine.cpp(920,16): error C3484: syntax error: expected '->' before the return type [D:\MyProject\COGENT_ENGINE\build\COGENT_Engine.vcxproj]
D:\MyProject\COGENT_ENGINE\Engine\CogentEngine.cpp(920,17): error C3613: missing return type after '->' ('int' assumed) [D:\MyProject\COGENT_ENGINE\build\COGENT_Engine.vcxproj]
D:\MyProject\COGENT_ENGINE\Engine\CogentEngine.cpp(920,5): error C4430: missing type specifier - int assumed. Note: C++ does not support default-int [D:\MyProject\COGENT_ENGINE\build\COGENT_Engine.vcxproj]
D:\MyProject\COGENT_ENGINE\Engine\CogentEngine.cpp(920,5): error C2040: 'barriers': 'int [0]' differs in levels of indirection from 'std::array<VkImageMemoryBarrier,2>' [D:\MyProject\COGENT_ENGINE\build\COGENT_Engine.vcxproj]
D:\MyProject\COGENT_ENGINE\Engine\CogentEngine.cpp(920,17): error C2146: syntax error: missing ';' before identifier 'srcAccessMask' [D:\MyProject\COGENT_ENGINE\build\COGENT_Engine.vcxproj]
D:\MyProject\COGENT_ENGINE\Engine\CogentEngine.cpp(921,5): error C2466: cannot allocate an array of constant size 0 [D:\MyProject\COGENT_ENGINE\build\COGENT_Engine.vcxproj]
D:\MyProject\COGENT_ENGINE\Engine\CogentEngine.cpp(921,5): error C3927: '->': trailing return type is not allowed after a non-function declarator [D:\MyProject\COGENT_ENGINE\build\COGENT_Engine.vcxproj]
D:\MyProject\COGENT_ENGINE\Engine\CogentEngine.cpp(921,16): error C3484: syntax error: expected '->' before the return type [D:\MyProject\COGENT_ENGINE\build\COGENT_Engine.vcxproj]
D:\MyProject\COGENT_ENGINE\Engine\CogentEngine.cpp(921,17): error C3613: missing return type after '->' ('int' assumed) [D:\MyProject\COGENT_ENGINE\build\COGENT_Engine.vcxproj]
D:\MyProject\COGENT_ENGINE\Engine\CogentEngine.cpp(921,5): error C4430: missing type specifier - int assumed. Note: C++ does not support default-int [D:\MyProject\COGENT_ENGINE\build\COGENT_Engine.vcxproj]
D:\MyProject\COGENT_ENGINE\Engine\CogentEngine.cpp(921,5): error C2040: 'barriers': 'int [0]' differs in levels of indirection from 'std::array<VkImageMemoryBarrier,2>' [D:\MyProject\COGENT_ENGINE\build\COGENT_Engine.vcxproj]
D:\MyProject\COGENT_ENGINE\Engine\CogentEngine.cpp(921,17): error C2146: syntax error: missing ';' before identifier 'dstAccessMask' [D:\MyProject\COGENT_ENGINE\build\COGENT_Engine.vcxproj]
D:\MyProject\COGENT_ENGINE\Engine\CogentEngine.cpp(923,5): error C3927: '->': trailing return type is not allowed after a non-function declarator [D:\MyProject\COGENT_ENGINE\build\COGENT_Engine.vcxproj]
D:\MyProject\COGENT_ENGINE\Engine\CogentEngine.cpp(923,16): error C3484: syntax error: expected '->' before the return type [D:\MyProject\COGENT_ENGINE\build\COGENT_Engine.vcxproj]
D:\MyProject\COGENT_ENGINE\Engine\CogentEngine.cpp(923,17): error C3613: missing return type after '->' ('int' assumed) [D:\MyProject\COGENT_ENGINE\build\COGENT_Engine.vcxproj]
D:\MyProject\COGENT_ENGINE\Engine\CogentEngine.cpp(923,5): error C4430: missing type specifier - int assumed. Note: C++ does not support default-int [D:\MyProject\COGENT_ENGINE\build\COGENT_Engine.vcxproj]
D:\MyProject\COGENT_ENGINE\Engine\CogentEngine.cpp(923,5): error C2040: 'barriers': 'int [1]' differs in levels of indirection from 'std::array<VkImageMemoryBarrier,2>' [D:\MyProject\COGENT_ENGINE\build\COGENT_Engine.vcxproj]
  ScreenSpaceShadows.cpp
D:\MyProject\COGENT_ENGINE\Engine\CogentEngine.cpp(923,17): error C2146: syntax error: missing ';' before identifier 'sType' [D:\MyProject\COGENT_ENGINE\build\COGENT_Engine.vcxproj]
D:\MyProject\COGENT_ENGINE\Engine\CogentEngine.cpp(924,5): error C3927: '->': trailing return type is not allowed after a non-function declarator [D:\MyProject\COGENT_ENGINE\build\COGENT_Engine.vcxproj]
D:\MyProject\COGENT_ENGINE\Engine\CogentEngine.cpp(924,16): error C3484: syntax error: expected '->' before the return type [D:\MyProject\COGENT_ENGINE\build\COGENT_Engine.vcxproj]
D:\MyProject\COGENT_ENGINE\Engine\CogentEngine.cpp(924,17): error C3613: missing return type after '->' ('int' assumed) [D:\MyProject\COGENT_ENGINE\build\COGENT_Engine.vcxproj]
D:\MyProject\COGENT_ENGINE\Engine\CogentEngine.cpp(924,5): error C4430: missing type specifier - int assumed. Note: C++ does not support default-int [D:\MyProject\COGENT_ENGINE\build\COGENT_Engine.vcxproj]
D:\MyProject\COGENT_ENGINE\Engine\CogentEngine.cpp(924,5): error C2040: 'barriers': 'int [1]' differs in levels of indirection from 'std::array<VkImageMemoryBarrier,2>' [D:\MyProject\COGENT_ENGINE\build\COGENT_Engine.vcxproj]
D:\MyProject\COGENT_ENGINE\Engine\CogentEngine.cpp(924,17): error C2146: syntax error: missing ';' before identifier 'oldLayout' [D:\MyProject\COGENT_ENGINE\build\COGENT_Engine.vcxproj]
D:\MyProject\COGENT_ENGINE\Engine\CogentEngine.cpp(925,5): error C3927: '->': trailing return type is not allowed after a non-function declarator [D:\MyProject\COGENT_ENGINE\build\COGENT_Engine.vcxproj]
D:\MyProject\COGENT_ENGINE\Engine\CogentEngine.cpp(925,16): error C3484: syntax error: expected '->' before the return type [D:\MyProject\COGENT_ENGINE\build\COGENT_Engine.vcxproj]
D:\MyProject\COGENT_ENGINE\Engine\CogentEngine.cpp(925,17): error C3613: missing return type after '->' ('int' assumed) [D:\MyProject\COGENT_ENGINE\build\COGENT_Engine.vcxproj]
D:\MyProject\COGENT_ENGINE\Engine\CogentEngine.cpp(925,5): error C4430: missing type specifier - int assumed. Note: C++ does not support default-int [D:\MyProject\COGENT_ENGINE\build\COGENT_Engine.vcxproj]
D:\MyProject\COGENT_ENGINE\Engine\CogentEngine.cpp(925,5): error C2040: 'barriers': 'int [1]' differs in levels of indirection from 'std::array<VkImageMemoryBarrier,2>' [D:\MyProject\COGENT_ENGINE\build\COGENT_Engine.vcxproj]
D:\MyProject\COGENT_ENGINE\Engine\CogentEngine.cpp(925,17): error C2146: syntax error: missing ';' before identifier 'newLayout' [D:\MyProject\COGENT_ENGINE\build\COGENT_Engine.vcxproj]
D:\MyProject\COGENT_ENGINE\Engine\CogentEngine.cpp(926,5): error C3927: '->': trailing return type is not allowed after a non-function declarator [D:\MyProject\COGENT_ENGINE\build\COGENT_Engine.vcxproj]
D:\MyProject\COGENT_ENGINE\Engine\CogentEngine.cpp(926,16): error C3484: syntax error: expected '->' before the return type [D:\MyProject\COGENT_ENGINE\build\COGENT_Engine.vcxproj]
D:\MyProject\COGENT_ENGINE\Engine\CogentEngine.cpp(926,17): error C3613: missing return type after '->' ('int' assumed) [D:\MyProject\COGENT_ENGINE\build\COGENT_Engine.vcxproj]
D:\MyProject\COGENT_ENGINE\Engine\CogentEngine.cpp(926,17): error C1003: error count exceeds 100; stopping compilation [D:\MyProject\COGENT_ENGINE\build\COGENT_Engine.vcxproj]
  Generating Code...
